<?xml version="1.0" encoding="UTF-8"?>
<coverage generated="1693282883836" clover="3.2.0">
  <project timestamp="1693282883836" name="All files">
    <metrics statements="24" coveredstatements="24" conditionals="18" coveredconditionals="17" methods="3" coveredmethods="3" elements="45" coveredelements="44" complexity="0" loc="24" ncloc="24" packages="1" files="2" classes="2"/>
    <file name="calcular.js" path="D:\Users\Wilner\Desktop\UCB 2-2023\INGENIERIA DE SOFTWARE\Tarea 8\tarea8-calculoimp\src\calcular.js">
      <metrics statements="9" coveredstatements="9" conditionals="8" coveredconditionals="8" methods="2" coveredmethods="2"/>
      <line num="3" count="6" type="stmt"/>
      <line num="7" count="7" type="stmt"/>
      <line num="9" count="7" type="cond" truecount="4" falsecount="0"/>
      <line num="10" count="1" type="stmt"/>
      <line num="12" count="1" type="stmt"/>
      <line num="17" count="6" type="cond" truecount="4" falsecount="0"/>
      <line num="18" count="1" type="stmt"/>
      <line num="20" count="1" type="stmt"/>
      <line num="27" count="5" type="stmt"/>
    </file>
    <file name="impuesto.js" path="D:\Users\Wilner\Desktop\UCB 2-2023\INGENIERIA DE SOFTWARE\Tarea 8\tarea8-calculoimp\src\impuesto.js">
      <metrics statements="15" coveredstatements="15" conditionals="10" coveredconditionals="9" methods="1" coveredmethods="1"/>
      <line num="3" count="5" type="cond" truecount="2" falsecount="0"/>
      <line num="4" count="1" type="stmt"/>
      <line num="5" count="1" type="stmt"/>
      <line num="7" count="4" type="cond" truecount="2" falsecount="0"/>
      <line num="8" count="1" type="stmt"/>
      <line num="9" count="1" type="stmt"/>
      <line num="11" count="3" type="cond" truecount="2" falsecount="0"/>
      <line num="12" count="1" type="stmt"/>
      <line num="13" count="1" type="stmt"/>
      <line num="15" count="2" type="cond" truecount="2" falsecount="0"/>
      <line num="16" count="1" type="stmt"/>
      <line num="17" count="1" type="stmt"/>
      <line num="19" count="1" type="cond" truecount="1" falsecount="1"/>
      <line num="20" count="1" type="stmt"/>
      <line num="21" count="1" type="stmt"/>
    </file>
  </project>
</coverage>
