<?xml version="1.0" encoding="UTF-8"?>
<coverage generated="1693283203050" clover="3.2.0">
  <project timestamp="1693283203050" name="All files">
    <metrics statements="27" coveredstatements="27" conditionals="22" coveredconditionals="21" methods="3" coveredmethods="3" elements="52" coveredelements="51" complexity="0" loc="27" ncloc="27" packages="1" files="2" classes="2"/>
    <file name="calcular.js" path="D:\Users\Wilner\Desktop\UCB 2-2023\INGENIERIA DE SOFTWARE\Tarea 8\tarea8-calculoimp\src\calcular.js">
      <metrics statements="12" coveredstatements="12" conditionals="12" coveredconditionals="12" methods="2" coveredmethods="2"/>
      <line num="3" count="6" type="stmt"/>
      <line num="7" count="8" type="stmt"/>
      <line num="9" count="8" type="cond" truecount="4" falsecount="0"/>
      <line num="10" count="1" type="stmt"/>
      <line num="12" count="1" type="stmt"/>
      <line num="18" count="7" type="cond" truecount="4" falsecount="0"/>
      <line num="19" count="1" type="stmt"/>
      <line num="21" count="1" type="stmt"/>
      <line num="27" count="6" type="cond" truecount="4" falsecount="0"/>
      <line num="28" count="1" type="stmt"/>
      <line num="30" count="1" type="stmt"/>
      <line num="39" count="5" type="stmt"/>
    </file>
    <file name="impuesto.js" path="D:\Users\Wilner\Desktop\UCB 2-2023\INGENIERIA DE SOFTWARE\Tarea 8\tarea8-calculoimp\src\impuesto.js">
      <metrics statements="15" coveredstatements="15" conditionals="10" coveredconditionals="9" methods="1" coveredmethods="1"/>
      <line num="3" count="5" type="cond" truecount="2" falsecount="0"/>
      <line num="4" count="1" type="stmt"/>
      <line num="5" count="1" type="stmt"/>
      <line num="7" count="4" type="cond" truecount="2" falsecount="0"/>
      <line num="8" count="1" type="stmt"/>
      <line num="9" count="1" type="stmt"/>
      <line num="11" count="3" type="cond" truecount="2" falsecount="0"/>
      <line num="12" count="1" type="stmt"/>
      <line num="13" count="1" type="stmt"/>
      <line num="15" count="2" type="cond" truecount="2" falsecount="0"/>
      <line num="16" count="1" type="stmt"/>
      <line num="17" count="1" type="stmt"/>
      <line num="19" count="1" type="cond" truecount="1" falsecount="1"/>
      <line num="20" count="1" type="stmt"/>
      <line num="21" count="1" type="stmt"/>
    </file>
  </project>
</coverage>
