{"D:\\Users\\Wilner\\Desktop\\UCB 2-2023\\INGENIERIA DE SOFTWARE\\Tarea 8\\tarea8-calculoimp\\src\\calcular.js": {"path":"D:\\Users\\Wilner\\Desktop\\UCB 2-2023\\INGENIERIA DE SOFTWARE\\Tarea 8\\tarea8-calculoimp\\src\\calcular.js","statementMap":{"0":{"start":{"line":3,"column":2},"end":{"line":3,"column":15}},"1":{"start":{"line":8,"column":2},"end":{"line":8,"column":38}}},"fnMap":{"0":{"name":"calcularneto","decl":{"start":{"line":2,"column":9},"end":{"line":2,"column":21}},"loc":{"start":{"line":2,"column":28},"end":{"line":4,"column":1}},"line":2},"1":{"name":"calculartotal","decl":{"start":{"line":6,"column":9},"end":{"line":6,"column":22}},"loc":{"start":{"line":6,"column":39},"end":{"line":9,"column":1}},"line":6}},"branchMap":{},"s":{"0":4,"1":3},"f":{"0":4,"1":3},"b":{},"_coverageSchema":"1a1c01bbd47fc00a2c39e90264f33305004495a9","hash":"a25cde1eb9916c3c9bd39d5debba5f287d7ddd56"}
,"D:\\Users\\Wilner\\Desktop\\UCB 2-2023\\INGENIERIA DE SOFTWARE\\Tarea 8\\tarea8-calculoimp\\src\\impuesto.js": {"path":"D:\\Users\\Wilner\\Desktop\\UCB 2-2023\\INGENIERIA DE SOFTWARE\\Tarea 8\\tarea8-calculoimp\\src\\impuesto.js","statementMap":{"0":{"start":{"line":3,"column":3},"end":{"line":6,"column":4}},"1":{"start":{"line":4,"column":6},"end":{"line":4,"column":20}},"2":{"start":{"line":5,"column":6},"end":{"line":5,"column":22}},"3":{"start":{"line":7,"column":3},"end":{"line":10,"column":4}},"4":{"start":{"line":8,"column":7},"end":{"line":8,"column":18}},"5":{"start":{"line":9,"column":7},"end":{"line":9,"column":23}},"6":{"start":{"line":11,"column":3},"end":{"line":14,"column":4}},"7":{"start":{"line":12,"column":7},"end":{"line":12,"column":21}},"8":{"start":{"line":13,"column":7},"end":{"line":13,"column":23}},"9":{"start":{"line":15,"column":3},"end":{"line":18,"column":4}},"10":{"start":{"line":16,"column":7},"end":{"line":16,"column":21}},"11":{"start":{"line":17,"column":7},"end":{"line":17,"column":23}},"12":{"start":{"line":19,"column":3},"end":{"line":22,"column":4}},"13":{"start":{"line":20,"column":7},"end":{"line":20,"column":21}},"14":{"start":{"line":21,"column":7},"end":{"line":21,"column":23}}},"fnMap":{"0":{"name":"impuestoEstado","decl":{"start":{"line":1,"column":9},"end":{"line":1,"column":23}},"loc":{"start":{"line":1,"column":37},"end":{"line":23,"column":1}},"line":1}},"branchMap":{"0":{"loc":{"start":{"line":3,"column":3},"end":{"line":6,"column":4}},"type":"if","locations":[{"start":{"line":3,"column":3},"end":{"line":6,"column":4}},{"start":{},"end":{}}],"line":3},"1":{"loc":{"start":{"line":7,"column":3},"end":{"line":10,"column":4}},"type":"if","locations":[{"start":{"line":7,"column":3},"end":{"line":10,"column":4}},{"start":{},"end":{}}],"line":7},"2":{"loc":{"start":{"line":11,"column":3},"end":{"line":14,"column":4}},"type":"if","locations":[{"start":{"line":11,"column":3},"end":{"line":14,"column":4}},{"start":{},"end":{}}],"line":11},"3":{"loc":{"start":{"line":15,"column":3},"end":{"line":18,"column":4}},"type":"if","locations":[{"start":{"line":15,"column":3},"end":{"line":18,"column":4}},{"start":{},"end":{}}],"line":15},"4":{"loc":{"start":{"line":19,"column":3},"end":{"line":22,"column":4}},"type":"if","locations":[{"start":{"line":19,"column":3},"end":{"line":22,"column":4}},{"start":{},"end":{}}],"line":19}},"s":{"0":3,"1":1,"2":1,"3":2,"4":0,"5":0,"6":2,"7":1,"8":1,"9":1,"10":1,"11":1,"12":0,"13":0,"14":0},"f":{"0":3},"b":{"0":[1,2],"1":[0,2],"2":[1,1],"3":[1,0],"4":[0,0]},"_coverageSchema":"1a1c01bbd47fc00a2c39e90264f33305004495a9","hash":"1f27a6e261996b09884a7848f9a2d964fd401765"}
}
