{"D:\\Users\\Wilner\\Desktop\\UCB 2-2023\\INGENIERIA DE SOFTWARE\\Tarea 8\\tarea8-calculoimp\\src\\calcular.js": {"path":"D:\\Users\\Wilner\\Desktop\\UCB 2-2023\\INGENIERIA DE SOFTWARE\\Tarea 8\\tarea8-calculoimp\\src\\calcular.js","statementMap":{"0":{"start":{"line":3,"column":2},"end":{"line":3,"column":15}},"1":{"start":{"line":7,"column":16},"end":{"line":7,"column":17}},"2":{"start":{"line":9,"column":2},"end":{"line":16,"column":3}},"3":{"start":{"line":10,"column":4},"end":{"line":10,"column":25}},"4":{"start":{"line":12,"column":4},"end":{"line":15,"column":5}},"5":{"start":{"line":18,"column":2},"end":{"line":25,"column":3}},"6":{"start":{"line":19,"column":4},"end":{"line":19,"column":25}},"7":{"start":{"line":21,"column":4},"end":{"line":24,"column":5}},"8":{"start":{"line":27,"column":2},"end":{"line":34,"column":3}},"9":{"start":{"line":28,"column":4},"end":{"line":28,"column":25}},"10":{"start":{"line":30,"column":4},"end":{"line":33,"column":5}},"11":{"start":{"line":36,"column":2},"end":{"line":43,"column":3}},"12":{"start":{"line":37,"column":4},"end":{"line":37,"column":25}},"13":{"start":{"line":39,"column":4},"end":{"line":42,"column":5}},"14":{"start":{"line":44,"column":2},"end":{"line":51,"column":3}},"15":{"start":{"line":45,"column":4},"end":{"line":45,"column":25}},"16":{"start":{"line":47,"column":4},"end":{"line":50,"column":5}},"17":{"start":{"line":56,"column":0},"end":{"line":59,"column":2}}},"fnMap":{"0":{"name":"calcularneto","decl":{"start":{"line":2,"column":9},"end":{"line":2,"column":21}},"loc":{"start":{"line":2,"column":28},"end":{"line":4,"column":1}},"line":2},"1":{"name":"calculartotal","decl":{"start":{"line":6,"column":9},"end":{"line":6,"column":22}},"loc":{"start":{"line":6,"column":39},"end":{"line":61,"column":1}},"line":6}},"branchMap":{"0":{"loc":{"start":{"line":9,"column":2},"end":{"line":16,"column":3}},"type":"if","locations":[{"start":{"line":9,"column":2},"end":{"line":16,"column":3}},{"start":{},"end":{}}],"line":9},"1":{"loc":{"start":{"line":9,"column":6},"end":{"line":9,"column":35}},"type":"binary-expr","locations":[{"start":{"line":9,"column":7},"end":{"line":9,"column":18}},{"start":{"line":9,"column":24},"end":{"line":9,"column":34}}],"line":9},"2":{"loc":{"start":{"line":18,"column":2},"end":{"line":25,"column":3}},"type":"if","locations":[{"start":{"line":18,"column":2},"end":{"line":25,"column":3}},{"start":{},"end":{}}],"line":18},"3":{"loc":{"start":{"line":18,"column":6},"end":{"line":18,"column":35}},"type":"binary-expr","locations":[{"start":{"line":18,"column":7},"end":{"line":18,"column":18}},{"start":{"line":18,"column":24},"end":{"line":18,"column":34}}],"line":18},"4":{"loc":{"start":{"line":27,"column":2},"end":{"line":34,"column":3}},"type":"if","locations":[{"start":{"line":27,"column":2},"end":{"line":34,"column":3}},{"start":{},"end":{}}],"line":27},"5":{"loc":{"start":{"line":27,"column":6},"end":{"line":27,"column":36}},"type":"binary-expr","locations":[{"start":{"line":27,"column":7},"end":{"line":27,"column":18}},{"start":{"line":27,"column":24},"end":{"line":27,"column":35}}],"line":27},"6":{"loc":{"start":{"line":36,"column":2},"end":{"line":43,"column":3}},"type":"if","locations":[{"start":{"line":36,"column":2},"end":{"line":43,"column":3}},{"start":{},"end":{}}],"line":36},"7":{"loc":{"start":{"line":36,"column":6},"end":{"line":36,"column":37}},"type":"binary-expr","locations":[{"start":{"line":36,"column":7},"end":{"line":36,"column":19}},{"start":{"line":36,"column":25},"end":{"line":36,"column":36}}],"line":36},"8":{"loc":{"start":{"line":44,"column":2},"end":{"line":51,"column":3}},"type":"if","locations":[{"start":{"line":44,"column":2},"end":{"line":51,"column":3}},{"start":{},"end":{}}],"line":44}},"s":{"0":6,"1":10,"2":10,"3":1,"4":1,"5":9,"6":1,"7":1,"8":8,"9":1,"10":1,"11":7,"12":1,"13":1,"14":6,"15":1,"16":1,"17":5},"f":{"0":6,"1":10},"b":{"0":[1,9],"1":[10,5],"2":[1,8],"3":[9,4],"4":[1,7],"5":[8,3],"6":[1,6],"7":[7,2],"8":[1,5]},"_coverageSchema":"1a1c01bbd47fc00a2c39e90264f33305004495a9","hash":"ce99776f345175287bf02f285ae76c9709ef6ab8"}
,"D:\\Users\\Wilner\\Desktop\\UCB 2-2023\\INGENIERIA DE SOFTWARE\\Tarea 8\\tarea8-calculoimp\\src\\impuesto.js": {"path":"D:\\Users\\Wilner\\Desktop\\UCB 2-2023\\INGENIERIA DE SOFTWARE\\Tarea 8\\tarea8-calculoimp\\src\\impuesto.js","statementMap":{"0":{"start":{"line":3,"column":3},"end":{"line":6,"column":4}},"1":{"start":{"line":4,"column":6},"end":{"line":4,"column":20}},"2":{"start":{"line":5,"column":6},"end":{"line":5,"column":22}},"3":{"start":{"line":7,"column":3},"end":{"line":10,"column":4}},"4":{"start":{"line":8,"column":7},"end":{"line":8,"column":18}},"5":{"start":{"line":9,"column":7},"end":{"line":9,"column":23}},"6":{"start":{"line":11,"column":3},"end":{"line":14,"column":4}},"7":{"start":{"line":12,"column":7},"end":{"line":12,"column":21}},"8":{"start":{"line":13,"column":7},"end":{"line":13,"column":23}},"9":{"start":{"line":15,"column":3},"end":{"line":18,"column":4}},"10":{"start":{"line":16,"column":7},"end":{"line":16,"column":21}},"11":{"start":{"line":17,"column":7},"end":{"line":17,"column":23}},"12":{"start":{"line":19,"column":3},"end":{"line":22,"column":4}},"13":{"start":{"line":20,"column":7},"end":{"line":20,"column":21}},"14":{"start":{"line":21,"column":7},"end":{"line":21,"column":23}}},"fnMap":{"0":{"name":"impuestoEstado","decl":{"start":{"line":1,"column":9},"end":{"line":1,"column":23}},"loc":{"start":{"line":1,"column":37},"end":{"line":23,"column":1}},"line":1}},"branchMap":{"0":{"loc":{"start":{"line":3,"column":3},"end":{"line":6,"column":4}},"type":"if","locations":[{"start":{"line":3,"column":3},"end":{"line":6,"column":4}},{"start":{},"end":{}}],"line":3},"1":{"loc":{"start":{"line":7,"column":3},"end":{"line":10,"column":4}},"type":"if","locations":[{"start":{"line":7,"column":3},"end":{"line":10,"column":4}},{"start":{},"end":{}}],"line":7},"2":{"loc":{"start":{"line":11,"column":3},"end":{"line":14,"column":4}},"type":"if","locations":[{"start":{"line":11,"column":3},"end":{"line":14,"column":4}},{"start":{},"end":{}}],"line":11},"3":{"loc":{"start":{"line":15,"column":3},"end":{"line":18,"column":4}},"type":"if","locations":[{"start":{"line":15,"column":3},"end":{"line":18,"column":4}},{"start":{},"end":{}}],"line":15},"4":{"loc":{"start":{"line":19,"column":3},"end":{"line":22,"column":4}},"type":"if","locations":[{"start":{"line":19,"column":3},"end":{"line":22,"column":4}},{"start":{},"end":{}}],"line":19}},"s":{"0":5,"1":1,"2":1,"3":4,"4":1,"5":1,"6":3,"7":1,"8":1,"9":2,"10":1,"11":1,"12":1,"13":1,"14":1},"f":{"0":5},"b":{"0":[1,4],"1":[1,3],"2":[1,2],"3":[1,1],"4":[1,0]},"_coverageSchema":"1a1c01bbd47fc00a2c39e90264f33305004495a9","hash":"1f27a6e261996b09884a7848f9a2d964fd401765"}
}
