TN:
SF:src\calcular.js
FN:2,calcularneto
FN:6,calculartotal
FNF:2
FNH:2
FNDA:5,calcularneto
FNDA:4,calculartotal
DA:3,5
DA:8,4
LF:2
LH:2
BRF:0
BRH:0
end_of_record
TN:
SF:src\impuesto.js
FN:1,impuestoEstado
FNF:1
FNH:1
FNDA:4,impuestoEstado
DA:3,4
DA:4,1
DA:5,1
DA:7,3
DA:8,1
DA:9,1
DA:11,2
DA:12,1
DA:13,1
DA:15,1
DA:16,1
DA:17,1
DA:19,0
DA:20,0
DA:21,0
LF:15
LH:12
BRDA:3,0,0,1
BRDA:3,0,1,3
BRDA:7,1,0,1
BRDA:7,1,1,2
BRDA:11,2,0,1
BRDA:11,2,1,1
BRDA:15,3,0,1
BRDA:15,3,1,0
BRDA:19,4,0,0
BRDA:19,4,1,0
BRF:10
BRH:7
end_of_record
