TN:
SF:src\calcular.js
FN:2,calcularneto
FN:6,calculartotal
FNF:2
FNH:2
FNDA:6,calcularneto
FNDA:6,calculartotal
DA:3,6
DA:7,6
DA:9,6
DA:10,1
DA:12,1
DA:18,5
LF:6
LH:6
BRDA:9,0,0,1
BRDA:9,0,1,5
BRDA:9,1,0,6
BRDA:9,1,1,1
BRF:4
BRH:4
end_of_record
TN:
SF:src\impuesto.js
FN:1,impuestoEstado
FNF:1
FNH:1
FNDA:5,impuestoEstado
DA:3,5
DA:4,1
DA:5,1
DA:7,4
DA:8,1
DA:9,1
DA:11,3
DA:12,1
DA:13,1
DA:15,2
DA:16,1
DA:17,1
DA:19,1
DA:20,1
DA:21,1
LF:15
LH:15
BRDA:3,0,0,1
BRDA:3,0,1,4
BRDA:7,1,0,1
BRDA:7,1,1,3
BRDA:11,2,0,1
BRDA:11,2,1,2
BRDA:15,3,0,1
BRDA:15,3,1,1
BRDA:19,4,0,1
BRDA:19,4,1,0
BRF:10
BRH:9
end_of_record
